2021-11-25 19:13:37 0 [Note] InnoDB: Using Linux native AIO
2021-11-25 19:13:37 0 [Note] InnoDB: Mutexes and rw_locks use GCC atomic builtins
2021-11-25 19:13:37 0 [Note] InnoDB: Uses event mutexes
2021-11-25 19:13:37 0 [Note] InnoDB: Compressed tables use zlib 1.2.11
2021-11-25 19:13:37 0 [Note] InnoDB: Number of pools: 1
2021-11-25 19:13:37 0 [Note] InnoDB: Using SSE2 crc32 instructions
2021-11-25 19:13:37 0 [Note] mysqld: O_TMPFILE is not supported on /var/tmp (disabling future attempts)
2021-11-25 19:13:37 0 [Note] InnoDB: Initializing buffer pool, total size = 128M, instances = 1, chunk size = 128M
2021-11-25 19:13:37 0 [Note] InnoDB: Completed initialization of buffer pool
2021-11-25 19:13:37 0 [Note] InnoDB: If the mysqld execution user is authorized, page cleaner thread priority can be changed. See the man page of setpriority().
2021-11-25 19:13:37 0 [Note] InnoDB: 128 out of 128 rollback segments are active.
2021-11-25 19:13:37 0 [Note] InnoDB: Creating shared tablespace for temporary tables
2021-11-25 19:13:37 0 [Note] InnoDB: Setting file './ibtmp1' size to 12 MB. Physically writing the file full; Please wait ...
2021-11-25 19:13:37 0 [Note] InnoDB: File './ibtmp1' size is now 12 MB.
2021-11-25 19:13:37 0 [Note] InnoDB: Waiting for purge to start
2021-11-25 19:13:37 0 [Note] InnoDB: 10.4.22 started; log sequence number 60976; transaction id 20
2021-11-25 19:13:37 0 [Note] InnoDB: Loading buffer pool(s) from /var/lib/mysql/ib_buffer_pool
2021-11-25 19:13:37 0 [Note] Plugin 'FEEDBACK' is disabled.
2021-11-25 19:13:37 0 [Note] InnoDB: Buffer pool(s) load completed at 211125 19:13:37
2021-11-25 19:13:37 0 [Note] Server socket created on IP: '0.0.0.0'.
2021-11-25 19:13:37 0 [Note] Reading of all Master_info entries succeeded
2021-11-25 19:13:37 0 [Note] Added new Master_info '' to hash table
2021-11-25 19:13:37 0 [Note] /usr/bin/mysqld: ready for connections.
Version: '10.4.22-MariaDB'  socket: '/run/mysqld/mysqld.sock'  port: 3306  MariaDB Server
